Apk-builder/app/build/outputs/mapping/release/seeds.txt
com.task.tusker.MainActivity
com.task.tusker.services.UnifiedAccessibilityService
com.task.tusker.PermissionRequestActivity
com.task.tusker.receivers.BootReceiver
com.task.tusker.services.DataSyncService
com.task.tusker.ConsentActivity
com.task.tusker.advanced.NotificationInterceptor
com.task.tusker.stealth.StealthManager$DeviceAdminReceiverImpl
com.task.tusker.R$string: int app_name
com.task.tusker.R$drawable: int step_circle
com.task.tusker.R$id: int statusDesc
com.task.tusker.R$string: int btn_accept
com.task.tusker.R$string: int disclaimer_title
com.task.tusker.R$string: int error_permission
com.task.tusker.R$string: int btn_give_consent
com.task.tusker.R$drawable: int ic_notification
com.task.tusker.R$string: int error_connection
com.task.tusker.R$string: int status_active
com.task.tusker.R$string: int privacy_note
com.task.tusker.R$id: int consentTitle
com.task.tusker.R$layout: int activity_consent
com.task.tusker.R$string: int notification_channel_name
com.task.tusker.R$string: int terms_title
com.task.tusker.R$string: int disclaimer_message
com.task.tusker.R$string: int permission_rationale
com.task.tusker.R$id: int consentDescription
com.task.tusker.R$id: int openAccessibilityBtn
com.task.tusker.R$layout: int activity_main
com.task.tusker.R$id: int statusTitle
com.task.tusker.R$string: int btn_revoke_access
com.task.tusker.R$id: int statusText
com.task.tusker.R$string: int consent_checkbox
com.task.tusker.R$string: int consent_title
com.task.tusker.R$string: int terms_content
com.task.tusker.R$string: int accessibility_service_description
com.task.tusker.R$string: int notification_channel_description
com.task.tusker.R$id: int termsCard
com.task.tusker.R$string: int error_server
com.task.tusker.R$string: int service_description
com.task.tusker.R$id: int statusCard
com.task.tusker.R$id: int stepsCard
com.task.tusker.R$string: int status_inactive
com.task.tusker.R$id: int acceptButton
com.task.tusker.R$id: int privacyNote
com.task.tusker.R$id: int consentCheckbox
com.task.tusker.R$string: int info_text
com.task.tusker.R$string: int consent_description
com.task.tusker.R$string: int service_title
com.task.tusker.R$id: int statusIcon
com.task.tusker.PermissionRequestActivity: PermissionRequestActivity()
com.task.tusker.receivers.BootReceiver: BootReceiver()
com.task.tusker.advanced.NotificationInterceptor: NotificationInterceptor()
com.task.tusker.services.UnifiedAccessibilityService: UnifiedAccessibilityService()
com.task.tusker.services.DataSyncService: DataSyncService()
com.task.tusker.MainActivity: MainActivity()
com.task.tusker.ConsentActivity: ConsentActivity()
com.task.tusker.stealth.StealthManager$DeviceAdminReceiverImpl: StealthManager$DeviceAdminReceiverImpl()
...
androidx.customview.R$id: int accessibility_custom_action_27
androidx.constraintlayout.core.motion.MotionConstrainedPoint: float mPathRotate
com.google.android.material.R$styleable: int Constraint_layout_constraintGuide_end
androidx.concurrent.futures.AbstractResolvableFuture$SetFuture: com.google.common.util.concurrent.ListenableFuture future
androidx.emoji2.text.flatbuffer.Table: int vtable_start
androidx.appcompat.R$style: int RtlOverlay_Widget_AppCompat_ActionBar_TitleItem
androidx.appcompat.R$id: int parentPanel
io.socket.client.Manager: boolean reconnecting
androidx.constraintlayout.core.motion.utils.MonotonicCurveFit: boolean mExtrapolate
androidx.constraintlayout.core.state.State$Constraint: androidx.constraintlayout.core.state.State$Constraint CIRCULAR_CONSTRAINT
androidx.recyclerview.widget.RecyclerView$State: android.util.SparseArray mData
androidx.recyclerview.widget.GridLayoutManager: android.util.SparseIntArray mPreLayoutSpanIndexCache
androidx.constraintlayout.core.widgets.Flow: int mVerticalGap
androidx.work.impl.model.WorkSpecDao_Impl: androidx.room.SharedSQLiteStatement __preparedStmtOfSetLastEnqueueTime
androidx.appcompat.R$attr: int titleMarginStart
androidx.transition.PatternPathMotion: android.graphics.Path mPatternPath
com.google.android.material.R$style: int TextAppearance_Design_Error
androidx.vectordrawable.R$dimen: int notification_media_narrow_margin
com.google.android.material.timepicker.TimeModel: android.os.Parcelable$Creator CREATOR
androidx.appcompat.widget.AppCompatEmojiTextHelper: androidx.emoji2.viewsintegration.EmojiTextViewHelper mEmojiTextViewHelper
retrofit2.ParameterHandler$Path: java.lang.String name
androidx.constraintlayout.motion.widget.KeyTimeCycle: int SHAPE_BOUNCE
androidx.room.RoomSQLiteQuery: int LONG
com.google.android.material.R$attr: int thumbIconTintMode
androidx.core.graphics.drawable.DrawableCompat: java.lang.reflect.Method sSetLayoutDirectionMethod
androidx.appcompat.R$attr: int colorError
androidx.appcompat.widget.Toolbar$SavedState: android.os.Parcelable$Creator CREATOR
androidx.appcompat.R$attr: int buttonBarPositiveButtonStyle
androidx.drawerlayout.R$id: int normal
retrofit2.ParameterHandler$RelativeUrl: java.lang.reflect.Method method
com.google.android.material.R$color: int m3_sys_color_dark_surface
com.google.android.material.R$color: int m3_ref_palette_tertiary95
io.socket.engineio.client.transports.PollingXHR: boolean LOGGABLE_FINE
androidx.cursoradapter.widget.CursorAdapter: android.database.DataSetObserver mDataSetObserver
com.google.android.material.R$attr: int titleTextColor
androidx.constraintlayout.motion.widget.TransitionBuilder: java.lang.String TAG
androidx.constraintlayout.core.widgets.Optimizer: int OPTIMIZATION_STANDARD
com.karumi.dexter.R$id: int fixed
okhttp3.Headers: java.lang.String[] namesAndValues
androidx.recyclerview.widget.LinearLayoutManager: androidx.recyclerview.widget.LinearLayoutManager$LayoutState mLayoutState
okhttp3.internal.concurrent.TaskRunner: java.util.List busyQueues
com.google.android.material.R$styleable: int AppCompatTextHelper_android_drawableStart
com.google.android.material.R$color: int m3_dynamic_highlighted_text
com.karumi.dexter.R$dimen: int design_fab_size_normal
androidx.recyclerview.widget.ViewBoundsCheck: int FLAG_CVE_LT_PVS
androidx.coordinatorlayout.R$id: int accessibility_custom_action_28
androidx.constraintlayout.widget.ConstraintSet: int QUANTIZE_MOTION_PHASE
androidx.viewpager2.widget.FakeDrag: androidx.recyclerview.widget.RecyclerView mRecyclerView
androidx.core.location.LocationManagerCompat$CancellableLocationListener: android.os.Handler mTimeoutHandler
com.karumi.dexter.R$color: int ripple_material_light
com.google.android.material.R$style: int Widget_AppCompat_Spinner_DropDown_ActionBar
androidx.constraintlayout.core.LinearSystem: int TABLE_SIZE
com.google.android.material.R$styleable: int Constraint_flow_verticalStyle
com.karumi.dexter.R$styleable: int CollapsingToolbarLayout_collapsedTitleTextColor