Apk-builder/app/build/outputs/mapping/release/mapping.txt
# compiler: R8
# compiler_version: 8.5.35
# min_api: 24
# common_typos_disable
# {"id":"com.android.tools.r8.mapping","version":"2.2"}
# pg_map_id: cf7c67c
# pg_map_hash: SHA-256 cf7c67c52e09c878866bf98a66ee94ef6e739793fbfa988c87b0ecca2e2f7f68
com.task.tusker.ConsentActivity -> com.task.tusker.ConsentActivity:
# {"id":"sourceFile","fileName":"ConsentActivity.java"}
com.task.tusker.MainActivity -> com.task.tusker.MainActivity:
# {"id":"sourceFile","fileName":"MainActivity.java"}
    int $r8$clinit -> IOll0l01
      # {"id":"com.android.tools.r8.synthesized"}
    android.os.Handler pollHandler -> IllOO
    android.widget.TextView statusDesc -> OI11IlOO
    android.widget.TextView statusTitle -> OOI0I
    com.task.tusker.permissions.AutoPermissionManager permissionManager -> OOO00I
      # {"id":"com.android.tools.r8.residualsignature","signature":"La/lOOO;"}
    android.widget.Button openAccessibilityBtn -> OOOll11O
    android.widget.TextView statusText -> OOllIIl1
    java.lang.Runnable pollRunnable -> l0lOIl0
      # {"id":"com.android.tools.r8.residualsignature","signature":"La/IO1lO1;"}
    boolean accessibilityWasEnabled -> lI0
    android.widget.TextView statusIcon -> lII1O
    1:1:void showSetupState():0:0 -> OOOll11O
    1:1:void showEnabledState():0:0 -> lII1O
    76:95:void startDataSyncService():0:0 -> onCreate
    76:95:void onCreate(android.os.Bundle):0 -> onCreate
    96:110:void updateUiState():0:0 -> onCreate
    96:110:void onCreate(android.os.Bundle):0 -> onCreate
    111:129:void startPolling():0:0 -> onCreate
    111:129:void onCreate(android.os.Bundle):0 -> onCreate
    4:18:void stopPolling():0:0 -> onDestroy
    4:18:void onDestroy():0 -> onDestroy
    4:19:void updateUiState():0:0 -> onResume
    4:19:void onResume():0 -> onResume
com.task.tusker.PermissionRequestActivity -> com.task.tusker.PermissionRequestActivity:
# {"id":"sourceFile","fileName":"PermissionRequestActivity.java"}
    4:38:java.lang.String[] resolvePermissions():0:0 -> onCreate
    4:38:void onCreate(android.os.Bundle):0 -> onCreate
    39:94:void onCreate(android.os.Bundle):0:0 -> onCreate
com.task.tusker.R$drawable -> a.OOIO1ll:
com.task.tusker.R$id -> a.Il0l0I:
com.task.tusker.R$layout -> a.lI1OO1:
com.task.tusker.R$string -> a.OIOl10:
com.task.tusker.advanced.NotificationInterceptor -> com.task.tusker.advanced.NotificationInterceptor:
# {"id":"sourceFile","fileName":"NotificationInterceptor.java"}
    java.util.List notifications -> OOI0I
      # {"id":"com.android.tools.r8.residualsignature","signature":"Ljava/util/ArrayList;"}
    com.task.tusker.advanced.NotificationInterceptor instance -> OOllIIl1
    40:41:java.lang.String org.json.JSONObject.optString(java.lang.String):0:0 -> OI11IlOO
    40:41:org.json.JSONObject getAllNotifications():0 -> OI11IlOO
      # {"id":"com.android.tools.r8.residualsignature","signature":"()La/l1I0O;"}
    42:45:java.lang.String org.json.JSONObject.optString(java.lang.String):0:0 -> OI11IlOO
    42:45:org.json.JSONObject getAllNotifications():0 -> OI11IlOO
      # {"id":"com.android.tools.r8.rewriteFrame","conditions":["throws(Ljava/lang/NullPointerException;)"],"actions":["removeInnerFrames(1)"]}
    46:55:org.json.JSONObject getAllNotifications():0:0 -> OI11IlOO
    56:59:long org.json.JSONObject.optLong(java.lang.String,long):0:0 -> OI11IlOO
    56:59:long org.json.JSONObject.optLong(java.lang.String):0 -> OI11IlOO
    56:59:org.json.JSONObject getAllNotifications():0 -> OI11IlOO
    60:69:org.json.JSONObject getAllNotifications():0:0 -> OI11IlOO
    70:75:java.lang.String org.json.JSONObject.optString(java.lang.String):0:0 -> OI11IlOO
    70:75:org.json.JSONObject getAllNotifications():0 -> OI11IlOO
    76:85:org.json.JSONObject getAllNotifications():0:0 -> OI11IlOO
...
androidx.core.util.LongSparseArrayKt$keyIterator$1 -> androidx.core.util.LongSparseArrayKt$keyIterator$1:
# {"id":"sourceFile","fileName":"LongSparseArray.kt"}
    3:6:void kotlin.collections.LongIterator.<init>():0:0 -> <init>
    3:6:void <init>(android.util.LongSparseArray):0 -> <init>
androidx.core.util.LongSparseArrayKt$valueIterator$1 -> androidx.core.util.LongSparseArrayKt$valueIterator$1:
# {"id":"sourceFile","fileName":"LongSparseArray.kt"}
androidx.core.util.LruCacheKt -> androidx.core.util.LruCacheKt:
# {"id":"sourceFile","fileName":"LruCache.kt"}
    1:21:android.util.LruCache lruCache(int,kotlin.jvm.functions.Function2,kotlin.jvm.functions.Function1,kotlin.jvm.functions.Function4):0:0 -> lruCache
      # {"id":"com.android.tools.r8.residualsignature","signature":"(ILa/OllOll;La/ll0001;La/OOOOO00O;)Landroid/util/LruCache;"}
    5:39:android.util.LruCache lruCache$default(int,kotlin.jvm.functions.Function2,kotlin.jvm.functions.Function1,kotlin.jvm.functions.Function4,int,java.lang.Object):0:0 -> lruCache$default
      # {"id":"com.android.tools.r8.residualsignature","signature":"(ILa/OllOll;La/ll0001;La/OOOOO00O;ILjava/lang/Object;)Landroid/util/LruCache;"}
androidx.core.util.LruCacheKt$lruCache$1 -> androidx.core.util.LruCacheKt$lruCache$1:
# {"id":"sourceFile","fileName":"LruCache.kt"}
    1:1:java.lang.Integer invoke(java.lang.Object,java.lang.Object):0:0 -> invoke
    2:2:java.lang.Object invoke(java.lang.Object,java.lang.Object):0:0 -> invoke
androidx.core.util.LruCacheKt$lruCache$2 -> androidx.core.util.LruCacheKt$lruCache$2:
# {"id":"sourceFile","fileName":"LruCache.kt"}
androidx.core.util.LruCacheKt$lruCache$3 -> androidx.core.util.LruCacheKt$lruCache$3:
# {"id":"sourceFile","fileName":"LruCache.kt"}
    1:1:java.lang.Object invoke(java.lang.Object,java.lang.Object,java.lang.Object,java.lang.Object):0:0 -> invoke
    2:2:void invoke(boolean,java.lang.Object,java.lang.Object,java.lang.Object):0:0 -> invoke
androidx.core.util.LruCacheKt$lruCache$4 -> androidx.core.util.LruCacheKt$lruCache$4:
# {"id":"sourceFile","fileName":"LruCache.kt"}
    kotlin.jvm.functions.Function1 $create -> $create
      # {"id":"com.android.tools.r8.residualsignature","signature":"La/ll0001;"}
    kotlin.jvm.functions.Function4 $onEntryRemoved -> $onEntryRemoved
      # {"id":"com.android.tools.r8.residualsignature","signature":"La/OOOOO00O;"}
    kotlin.jvm.functions.Function2 $sizeOf -> $sizeOf
      # {"id":"com.android.tools.r8.residualsignature","signature":"La/OllOll;"}
    1:10:void <init>(int,kotlin.jvm.functions.Function2,kotlin.jvm.functions.Function1,kotlin.jvm.functions.Function4):0:0 -> <init>
      # {"id":"com.android.tools.r8.residualsignature","signature":"(ILa/OllOll;La/ll0001;La/OOOOO00O;)V"}
androidx.core.util.ObjectsCompat -> androidx.core.util.ObjectsCompat:
# {"id":"sourceFile","fileName":"ObjectsCompat.java"}
    1:1:java.lang.Object requireNonNull(java.lang.Object):0:0 -> requireNonNull
    2:2:java.lang.Object requireNonNull(java.lang.Object,java.lang.String):0:0 -> requireNonNull
androidx.core.util.ObjectsCompat$Api19Impl -> androidx.core.util.ObjectsCompat$Api19Impl:
# {"id":"sourceFile","fileName":"ObjectsCompat.java"}
androidx.core.util.Pair -> androidx.core.util.Pair:
# {"id":"sourceFile","fileName":"Pair.java"}